# JRE version: Java(TM) SE Runtime Environment (11.0.6+8) (build 11.0.6+8-LTS)
# Java VM: Java HotSpot(TM) 64-Bit Server VM (11.0.6+8-LTS, mixed mode, tiered, compressed oops, g1 gc, windows-amd64)
Heap:
 garbage-first heap   total 262144K, used 81745K [0x0000000701a00000, 0x0000000800000000)
  region size 1024K, 66 young (67584K), 11 survivors (11264K)
 Metaspace       used 62222K, capacity 63885K, committed 64040K, reserved 1105920K
  class space    used 7470K, capacity 8126K, committed 8240K, reserved 1048576K
GC Heap History (10 events):
Event: 5.231 GC heap before
{Heap before GC invocations=4 (full 0):
 garbage-first heap   total 262144K, used 89395K [0x0000000701a00000, 0x0000000800000000)
  region size 1024K, 76 young (77824K), 2 survivors (2048K)
 Metaspace       used 33115K, capacity 33963K, committed 34096K, reserved 1079296K
  class space    used 3998K, capacity 4340K, committed 4400K, reserved 1048576K
}
Event: 5.234 GC heap after
{Heap after GC invocations=5 (full 0):
 garbage-first heap   total 262144K, used 17518K [0x0000000701a00000, 0x0000000800000000)
  region size 1024K, 4 young (4096K), 4 survivors (4096K)
 Metaspace       used 33115K, capacity 33963K, committed 34096K, reserved 1079296K
  class space    used 3998K, capacity 4340K, committed 4400K, reserved 1048576K
}
Event: 5.428 GC heap before
{Heap before GC invocations=5 (full 0):
 garbage-first heap   total 262144K, used 48238K [0x0000000701a00000, 0x0000000800000000)
  region size 1024K, 35 young (35840K), 4 survivors (4096K)
 Metaspace       used 34600K, capacity 35494K, committed 35632K, reserved 1081344K
  class space    used 4206K, capacity 4566K, committed 4656K, reserved 1048576K
}
Event: 5.431 GC heap after
{Heap after GC invocations=6 (full 0):
 garbage-first heap   total 262144K, used 18547K [0x0000000701a00000, 0x0000000800000000)
  region size 1024K, 5 young (5120K), 5 survivors (5120K)
 Metaspace       used 34600K, capacity 35494K, committed 35632K, reserved 1081344K
  class space    used 4206K, capacity 4566K, committed 4656K, reserved 1048576K
}
Event: 7.626 GC heap before
{Heap before GC invocations=7 (full 0):
 garbage-first heap   total 262144K, used 138355K [0x0000000701a00000, 0x0000000800000000)
  region size 1024K, 122 young (124928K), 5 survivors (5120K)
 Metaspace       used 42489K, capacity 43730K, committed 43952K, reserved 1087488K
  class space    used 5202K, capacity 5703K, committed 5808K, reserved 1048576K
}
Event: 7.632 GC heap after
{Heap after GC invocations=8 (full 0):
 garbage-first heap   total 262144K, used 23021K [0x0000000701a00000, 0x0000000800000000)
  region size 1024K, 10 young (10240K), 10 survivors (10240K)
 Metaspace       used 42489K, capacity 43730K, committed 43952K, reserved 1087488K
  class space    used 5202K, capacity 5703K, committed 5808K, reserved 1048576K
}
Event: 59.552 GC heap before
{Heap before GC invocations=8 (full 0):
 garbage-first heap   total 262144K, used 153069K [0x0000000701a00000, 0x0000000800000000)
  region size 1024K, 138 young (141312K), 10 survivors (10240K)
 Metaspace       used 55660K, capacity 57247K, committed 57520K, reserved 1099776K
  class space    used 6698K, capacity 7300K, committed 7344K, reserved 1048576K
}
Event: 59.561 GC heap after
{Heap after GC invocations=9 (full 0):
 garbage-first heap   total 262144K, used 26795K [0x0000000701a00000, 0x0000000800000000)
  region size 1024K, 13 young (13312K), 13 survivors (13312K)
 Metaspace       used 55660K, capacity 57247K, committed 57520K, reserved 1099776K
  class space    used 6698K, capacity 7300K, committed 7344K, reserved 1048576K
}
Event: 59.662 GC heap before
{Heap before GC invocations=9 (full 0):
 garbage-first heap   total 262144K, used 47275K [0x0000000701a00000, 0x0000000800000000)
  region size 1024K, 34 young (34816K), 13 survivors (13312K)
 Metaspace       used 57992K, capacity 59615K, committed 59816K, reserved 1101824K
  class space    used 6954K, capacity 7556K, committed 7600K, reserved 1048576K
}
Event: 59.671 GC heap after
{Heap after GC invocations=10 (full 0):
 garbage-first heap   total 262144K, used 27473K [0x0000000701a00000, 0x0000000800000000)
  region size 1024K, 11 young (11264K), 11 survivors (11264K)
 Metaspace       used 57992K, capacity 59615K, committed 59816K, reserved 1101824K
  class space    used 6954K, capacity 7556K, committed 7600K, reserved 1048576K
}

